<?xml version="1.0" encoding="UTF-8"?>
<!-- Generated by org.testng.reporters.JUnitXMLReporter -->
<testsuite ignored="0" hostname="Nipuni" failures="5" tests="10" name="Test" time="110.085" errors="0" timestamp="2023-11-03T16:17:06 IST">
  <testcase classname="com.testcases.SignInButtonOverlapTest" name="overlapTest" time="2.126">
    <failure type="java.lang.AssertionError" message="expected [true] but found [false]">
      <![CDATA[java.lang.AssertionError: expected [true] but found [false]
at com.testcases.SignInButtonOverlapTest.overlapTest(SignInButtonOverlapTest.java:36)
at java.base/java.util.ArrayList.forEach(ArrayList.java:1511)
... Removed 29 stack frames]]>
    </failure>
  </testcase> <!-- overlapTest -->
  <testcase classname="com.testcases.SocialMediaLinkTest" name="testFacebookLink" time="4.156"/>
  <testcase classname="com.testcases.SocialMediaLinkTest" name="testLinkedInLink" time="4.108"/>
  <testcase classname="com.testcases.SocialMediaLinkTest" name="testTwitterLink" time="0.699">
    <failure type="java.lang.AssertionError" message="The link opened a page that indicates an error.">
      <![CDATA[java.lang.AssertionError: The link opened a page that indicates an error.
at com.testcases.SocialMediaLinkTest.testSocialMediaLink(SocialMediaLinkTest.java:84)
at com.testcases.SocialMediaLinkTest.testTwitterLink(SocialMediaLinkTest.java:47)
at java.base/java.util.ArrayList.forEach(ArrayList.java:1511)
... Removed 26 stack frames]]>
    </failure>
  </testcase> <!-- testTwitterLink -->
  <testcase classname="com.testcases.SortDropdownTest" name="testPriceLowTOHighSort" time="2.239"/>
  <testcase classname="com.testcases.ProductQuantityTest" name="testProductQuantityAsTwo" time="8.095"/>
  <testcase classname="com.testcases.ProductQuantityTest" name="testProductQuantityAsThree" time="4.545">
    <failure type="java.lang.AssertionError" message="expected [3] but found [2]">
      <![CDATA[java.lang.AssertionError: expected [3] but found [2]
at com.testcases.ProductQuantityTest.assertProductQuantity(ProductQuantityTest.java:74)
at com.testcases.ProductQuantityTest.testProductQuantityAsThree(ProductQuantityTest.java:37)
at java.base/java.util.ArrayList.forEach(ArrayList.java:1511)
... Removed 32 stack frames]]>
    </failure>
  </testcase> <!-- testProductQuantityAsThree -->
  <testcase classname="com.testcases.ProductQuantityTest" name="testProductQuantityAsFour" time="4.413">
    <failure type="java.lang.AssertionError" message="expected [4] but found [2]">
      <![CDATA[java.lang.AssertionError: expected [4] but found [2]
at com.testcases.ProductQuantityTest.assertProductQuantity(ProductQuantityTest.java:74)
at com.testcases.ProductQuantityTest.testProductQuantityAsFour(ProductQuantityTest.java:47)
at java.base/java.util.ArrayList.forEach(ArrayList.java:1511)
... Removed 32 stack frames]]>
    </failure>
  </testcase> <!-- testProductQuantityAsFour -->
  <testcase classname="com.testcases.SignInCaptionAlignmentTest" name="captionTest" time="9.926">
    <failure type="java.lang.AssertionError" message="Button is not vertically centered. expected [middle] but found [baseline]">
      <![CDATA[java.lang.AssertionError: Button is not vertically centered. expected [middle] but found [baseline]
at com.testcases.SignInCaptionAlignmentTest.captionTest(SignInCaptionAlignmentTest.java:38)
at java.base/java.util.ArrayList.forEach(ArrayList.java:1511)
... Removed 30 stack frames]]>
    </failure>
  </testcase> <!-- captionTest -->
  <testcase classname="com.testcases.ProductSearchTest" name="testSearchProduct" time="3.619"/>
</testsuite> <!-- Test -->
